[debug] [2020-01-23T17:07:08.360Z] ----------------------------------------------------------------------
[debug] [2020-01-23T17:07:08.362Z] Command:       C:\Program Files\nodejs\node.exe C:\Users\patri\AppData\Roaming\npm\node_modules\firebase-tools\lib\bin\firebase.js init
[debug] [2020-01-23T17:07:08.362Z] CLI Version:   7.12.1
[debug] [2020-01-23T17:07:08.362Z] Platform:      win32
[debug] [2020-01-23T17:07:08.362Z] Node Version:  v12.14.1
[debug] [2020-01-23T17:07:08.364Z] Time:          Thu Jan 23 2020 18:07:08 GMT+0100 (GMT+01:00)
[debug] [2020-01-23T17:07:08.364Z] ----------------------------------------------------------------------
[debug] [2020-01-23T17:07:08.365Z] 
[debug] [2020-01-23T17:07:08.372Z] > command requires scopes: ["email","openid","https://www.googleapis.com/auth/cloudplatformprojects.readonly","https://www.googleapis.com/auth/firebase","https://www.googleapis.com/auth/cloud-platform"]
[debug] [2020-01-23T17:07:08.373Z] > authorizing via signed-in user
[info] 
     ######## #### ########  ######## ########     ###     ######  ########
     ##        ##  ##     ## ##       ##     ##  ##   ##  ##       ##
     ######    ##  ########  ######   ########  #########  ######  ######
     ##        ##  ##    ##  ##       ##     ## ##     ##       ## ##
     ##       #### ##     ## ######## ########  ##     ##  ######  ########

You're about to initialize a Firebase project in this directory:

  C:\Users\patri\Downloads\urganizer\urganizer

Before we get started, keep in mind:

  * You are initializing in an existing Firebase project directory

[info] 
=== Project Setup
[info] 
[info] First, let's associate this project directory with a Firebase project.
[info] You can create multiple project aliases by running firebase use --add, 
[info] but for now we'll just set up a default project.
[info] 
[info] i  .firebaserc already has a default project, using yourganizer.
[debug] [2020-01-23T17:07:17.174Z] >>> HTTP REQUEST GET https://firebase.googleapis.com/v1beta1/projects/yourganizer  
 
[debug] [2020-01-23T17:07:17.465Z] <<< HTTP RESPONSE 200
[info] 
=== Hosting Setup
[info] 
[info] Your public directory is the folder (relative to your project directory) that
[info] will contain Hosting assets to be uploaded with firebase deploy. If you
[info] have a build process for your assets, use your build's output directory.
[info] 
